Running Gradle task 'assembleRelease'...                        

FAILURE: Build failed with an exception.

* Where:
Build file '/home/johnkap/Code Projects/PennyPilot/android/build.gradle.kts' line: 23

* What went wrong:
Cannot run Project.afterEvaluate(Action) when the project is already evaluated.

* Try:
> Run with --stacktrace option to get the stack trace.
> Run with --info or --debug option to get more log output.
> Run with --scan to get full insights.
> Get more help at https://help.gradle.org.

BUILD FAILED in 2s
Running Gradle task 'assembleRelease'...                         2,158ms
Gradle task assembleRelease failed with exit code 1
